Using pre-set license
Built from '2021.1/release' branch; Version is '2021.1.4f1 (4cd64a618c1b) revision 5035594'; Using compiler version '192528614'; Build Type 'Release'
OS: 'Windows 10 Pro; OS build 19041.928; Version 2004; 64bit' Language: 'en' Physical Memory: 16205 MB
BatchMode: 1, IsHumanControllingUs: 0, StartBugReporterOnCrash: 0, Is64bit: 1, IsPro: 0

 COMMAND LINE ARGUMENTS:
C:\Program Files\Unity\Hub\Editor\2021.1.4f1\Editor\Unity.exe
-adb2
-batchMode
-noUpm
-name
AssetImportWorker0
-projectPath
C:/Users/Striz/Documents/Unreal Projects/UnderwaterGame/UntitledGameProject/UnderwaterGame/UnderwaterGame
-logFile
Logs/AssetImportWorker0.log
-srvPort
63349
Successfully changed project path to: C:/Users/Striz/Documents/Unreal Projects/UnderwaterGame/UntitledGameProject/UnderwaterGame/UnderwaterGame
C:/Users/Striz/Documents/Unreal Projects/UnderwaterGame/UntitledGameProject/UnderwaterGame/UnderwaterGame
Using Asset Import Pipeline V2.
Refreshing native plugins compatible for Editor in 22.07 ms, found 0 plugins.
Preloading 0 native plugins for Editor in 0.00 ms.
Initialize engine version: 2021.1.4f1 (4cd64a618c1b)
[Subsystems] Discovering subsystems at path C:/Program Files/Unity/Hub/Editor/2021.1.4f1/Editor/Data/Resources/UnitySubsystems
[Subsystems] Discovering subsystems at path C:/Users/Striz/Documents/Unreal Projects/UnderwaterGame/UntitledGameProject/UnderwaterGame/UnderwaterGame/Assets
GfxDevice: creating device client; threaded=0; jobified=0
Direct3D:
    Version:  Direct3D 11.0 [level 11.1]
    Renderer: NVIDIA GeForce GTX 1660 Ti (ID=0x2191)
    Vendor:   NVIDIA
    VRAM:     5991 MB
    Driver:   27.21.14.6611
Initialize mono
Mono path[0] = 'C:/Program Files/Unity/Hub/Editor/2021.1.4f1/Editor/Data/Managed'
Mono path[1] = 'C:/Program Files/Unity/Hub/Editor/2021.1.4f1/Editor/Data/MonoBleedingEdge/lib/mono/unityjit'
Mono config path = 'C:/Program Files/Unity/Hub/Editor/2021.1.4f1/Editor/Data/MonoBleedingEdge/etc'
Using monoOptions --debugger-agent=transport=dt_socket,embedding=1,server=y,suspend=n,address=127.0.0.1:56500
Begin MonoManager ReloadAssembly
Registering precompiled unity dll's ...
Register platform support module: C:/Program Files/Unity/Hub/Editor/2021.1.4f1/Editor/Data/PlaybackEngines/WindowsStandaloneSupport/UnityEditor.WindowsStandalone.Extensions.dll
Registered in 0.001902 seconds.
Native extension for WindowsStandalone target not found
Refreshing native plugins compatible for Editor in 22.22 ms, found 0 plugins.
Preloading 0 native plugins for Editor in 0.00 ms.
Mono: successfully reloaded assembly
- Completed reload, in  2.986 seconds
Platform modules already initialized, skipping
Registering precompiled user dll's ...
Registered in 0.000620 seconds.
Begin MonoManager ReloadAssembly
Native extension for WindowsStandalone target not found
Refreshing native plugins compatible for Editor in 0.18 ms, found 0 plugins.
Preloading 0 native plugins for Editor in 0.00 ms.
Mono: successfully reloaded assembly
- Completed reload, in  0.786 seconds
Platform modules already initialized, skipping
========================================================================
Worker process is ready to serve import requests
Launched and connected shader compiler UnityShaderCompiler.exe after 0.07 seconds
Refreshing native plugins compatible for Editor in 0.33 ms, found 0 plugins.
Preloading 0 native plugins for Editor in 0.00 ms.
Unloading 1128 Unused Serialized files (Serialized files now loaded: 0)
System memory in use before: 70.5 MB.
System memory in use after: 70.5 MB.

Unloading 9 unused Assets to reduce memory usage. Loaded Objects now: 1600.
Total: 1.936600 ms (FindLiveObjects: 0.132700 ms CreateObjectMapping: 0.037500 ms MarkObjects: 1.713300 ms  DeleteObjects: 0.052100 ms)

========================================================================
Received Import Request.
  path: Assets/Player/Scripts/PlayerController.cs
  artifactKey: Guid(3888fa4282fcf6f44b6eb0b0a96b802b) Importer(815301076,1909f56bfc062723c751e8b465ee728b)
Start importing Assets/Player/Scripts/PlayerController.cs using Guid(3888fa4282fcf6f44b6eb0b0a96b802b) Importer(815301076,1909f56bfc062723c751e8b465ee728b)  -> (artifact id: '4e88611d0fd9a463bceb00d0bea80ee3') in 0.050728 seconds 
========================================================================
Received Import Request.
  Time since last request: 0.000323 seconds.
  path: Assets/Camera/Player/Prefab/PlayerCamera.prefab
  artifactKey: Guid(9afd21651f08adc4db441c4c7c84cfc1) Importer(2089858483,934ff659095e30574adcf32a4c2f97b5)
Start importing Assets/Camera/Player/Prefab/PlayerCamera.prefab using Guid(9afd21651f08adc4db441c4c7c84cfc1) Importer(2089858483,934ff659095e30574adcf32a4c2f97b5)  -> (artifact id: '27131b851647beae6a7c150e9caeabf6') in 0.063561 seconds 
========================================================================
Received Import Request.
  Time since last request: 0.000260 seconds.
  path: Assets/Map/Material/GroundMat.mat
  artifactKey: Guid(f63610923128ef945be91b78fc08a1c4) Importer(2089858483,934ff659095e30574adcf32a4c2f97b5)
Start importing Assets/Map/Material/GroundMat.mat using Guid(f63610923128ef945be91b78fc08a1c4) Importer(2089858483,934ff659095e30574adcf32a4c2f97b5)  -> (artifact id: 'd3141d930cf0ec90559ca9358ba7b9f1') in 0.019180 seconds 
========================================================================
Received Import Request.
  Time since last request: 0.000416 seconds.
  path: Assets/Player/Prefabs/Player.prefab
  artifactKey: Guid(0f991d0c820c52c4e81cee19e05cf340) Importer(2089858483,934ff659095e30574adcf32a4c2f97b5)
Start importing Assets/Player/Prefabs/Player.prefab using Guid(0f991d0c820c52c4e81cee19e05cf340) Importer(2089858483,934ff659095e30574adcf32a4c2f97b5)  -> (artifact id: '61d5ee54bca11c6b28ba2bafa1b9cb4d') in 0.015594 seconds 
========================================================================
Received Import Request.
  Time since last request: 0.000579 seconds.
  path: Assets/Scenes/SampleSceneSettings.lighting
  artifactKey: Guid(90317d65a2c4b18449f5d817ab2c7c19) Importer(2089858483,934ff659095e30574adcf32a4c2f97b5)
Start importing Assets/Scenes/SampleSceneSettings.lighting using Guid(90317d65a2c4b18449f5d817ab2c7c19) Importer(2089858483,934ff659095e30574adcf32a4c2f97b5)  -> (artifact id: 'd9ea11c4bc734a0bb43405a10f6af259') in 0.012423 seconds 
========================================================================
Received Import Request.
  Time since last request: 0.000295 seconds.
  path: Assets/Player/Materials/PlayerMat.mat
  artifactKey: Guid(dcd311d5d271e72449d3e6efa24d90ae) Importer(2089858483,934ff659095e30574adcf32a4c2f97b5)
Start importing Assets/Player/Materials/PlayerMat.mat using Guid(dcd311d5d271e72449d3e6efa24d90ae) Importer(2089858483,934ff659095e30574adcf32a4c2f97b5)  -> (artifact id: '72f77887515e1c3f62f7cf48a569430d') in 0.009692 seconds 
========================================================================
Received Import Request.
  Time since last request: 0.000300 seconds.
  path: Assets/Camera/Player/Scripts/FogEffect.cs
  artifactKey: Guid(6807cd2f29c5cb741a90243aba1dc165) Importer(2089858483,934ff659095e30574adcf32a4c2f97b5)
Start importing Assets/Camera/Player/Scripts/FogEffect.cs using Guid(6807cd2f29c5cb741a90243aba1dc165) Importer(2089858483,934ff659095e30574adcf32a4c2f97b5)  -> (artifact id: '6248f66eaef98f815073a1604f4cfc81') in 0.011229 seconds 
========================================================================
Received Import Request.
  Time since last request: 0.000266 seconds.
  path: Assets/Scenes/SampleScene.unity
  artifactKey: Guid(9fc0d4010bbf28b4594072e72b8655ab) Importer(2089858483,934ff659095e30574adcf32a4c2f97b5)
Start importing Assets/Scenes/SampleScene.unity using Guid(9fc0d4010bbf28b4594072e72b8655ab) Importer(2089858483,934ff659095e30574adcf32a4c2f97b5)  -> (artifact id: 'af05b63ea541eb576942a8e2af8f00a8') in 0.011259 seconds 
========================================================================
Received Import Request.
  Time since last request: 0.000294 seconds.
  path: Assets/Camera/Player/Scripts/CameraFollow.cs
  artifactKey: Guid(01afd2c9fb56f23438fe9aee84a31f17) Importer(2089858483,934ff659095e30574adcf32a4c2f97b5)
Start importing Assets/Camera/Player/Scripts/CameraFollow.cs using Guid(01afd2c9fb56f23438fe9aee84a31f17) Importer(2089858483,934ff659095e30574adcf32a4c2f97b5)  -> (artifact id: '04a95a47adfa5d9d3d2c0a810c3c6094') in 0.014785 seconds 
========================================================================
Received Import Request.
  Time since last request: 0.000270 seconds.
  path: Assets/Player/Scripts/PlayerController.cs
  artifactKey: Guid(3888fa4282fcf6f44b6eb0b0a96b802b) Importer(2089858483,934ff659095e30574adcf32a4c2f97b5)
Start importing Assets/Player/Scripts/PlayerController.cs using Guid(3888fa4282fcf6f44b6eb0b0a96b802b) Importer(2089858483,934ff659095e30574adcf32a4c2f97b5)  -> (artifact id: '83af98ee1d3980723ffc43d1fcf4c127') in 0.010528 seconds 
========================================================================
Received Import Request.
  Time since last request: 0.000266 seconds.
  path: Assets/Map/Prefab/Ground.prefab
  artifactKey: Guid(184271070eb8abc4d8fc7952f403f9d7) Importer(2089858483,934ff659095e30574adcf32a4c2f97b5)
Start importing Assets/Map/Prefab/Ground.prefab using Guid(184271070eb8abc4d8fc7952f403f9d7) Importer(2089858483,934ff659095e30574adcf32a4c2f97b5)  -> (artifact id: 'fc181f012975f46eaf4473db71d0ec6c') in 0.008055 seconds 
========================================================================
Received Import Request.
  Time since last request: 490.439727 seconds.
  path: Assets/Map/Material/GroundMat.mat
  artifactKey: Guid(f63610923128ef945be91b78fc08a1c4) Importer(2089858483,934ff659095e30574adcf32a4c2f97b5)
Start importing Assets/Map/Material/GroundMat.mat using Guid(f63610923128ef945be91b78fc08a1c4) Importer(2089858483,934ff659095e30574adcf32a4c2f97b5)  -> (artifact id: '3083810d494e6b8aff282401042cbea3') in 0.011147 seconds 
AssetImportWorkerClient::OnTransportError - code=2 error=End of file
