Using pre-set license
Built from '2021.1/release' branch; Version is '2021.1.4f1 (4cd64a618c1b) revision 5035594'; Using compiler version '192528614'; Build Type 'Release'
OS: 'Windows 10 Pro; OS build 19041.928; Version 2004; 64bit' Language: 'en' Physical Memory: 16205 MB
BatchMode: 1, IsHumanControllingUs: 0, StartBugReporterOnCrash: 0, Is64bit: 1, IsPro: 0

 COMMAND LINE ARGUMENTS:
C:\Program Files\Unity\Hub\Editor\2021.1.4f1\Editor\Unity.exe
-adb2
-batchMode
-noUpm
-name
AssetImportWorker0
-projectPath
C:/Users/Striz/Documents/Unreal Projects/UnderwaterGame/UntitledGameProject/UnderwaterGame/UnderwaterGame
-logFile
Logs/AssetImportWorker0.log
-srvPort
60612
Successfully changed project path to: C:/Users/Striz/Documents/Unreal Projects/UnderwaterGame/UntitledGameProject/UnderwaterGame/UnderwaterGame
C:/Users/Striz/Documents/Unreal Projects/UnderwaterGame/UntitledGameProject/UnderwaterGame/UnderwaterGame
Using Asset Import Pipeline V2.
Refreshing native plugins compatible for Editor in 26.73 ms, found 0 plugins.
Preloading 0 native plugins for Editor in 0.00 ms.
Initialize engine version: 2021.1.4f1 (4cd64a618c1b)
[Subsystems] Discovering subsystems at path C:/Program Files/Unity/Hub/Editor/2021.1.4f1/Editor/Data/Resources/UnitySubsystems
[Subsystems] Discovering subsystems at path C:/Users/Striz/Documents/Unreal Projects/UnderwaterGame/UntitledGameProject/UnderwaterGame/UnderwaterGame/Assets
GfxDevice: creating device client; threaded=0; jobified=0
Direct3D:
    Version:  Direct3D 11.0 [level 11.1]
    Renderer: NVIDIA GeForce GTX 1660 Ti (ID=0x2191)
    Vendor:   NVIDIA
    VRAM:     5991 MB
    Driver:   27.21.14.6611
Initialize mono
Mono path[0] = 'C:/Program Files/Unity/Hub/Editor/2021.1.4f1/Editor/Data/Managed'
Mono path[1] = 'C:/Program Files/Unity/Hub/Editor/2021.1.4f1/Editor/Data/MonoBleedingEdge/lib/mono/unityjit'
Mono config path = 'C:/Program Files/Unity/Hub/Editor/2021.1.4f1/Editor/Data/MonoBleedingEdge/etc'
Using monoOptions --debugger-agent=transport=dt_socket,embedding=1,server=y,suspend=n,address=127.0.0.1:56716
Begin MonoManager ReloadAssembly
Registering precompiled unity dll's ...
Register platform support module: C:/Program Files/Unity/Hub/Editor/2021.1.4f1/Editor/Data/PlaybackEngines/WindowsStandaloneSupport/UnityEditor.WindowsStandalone.Extensions.dll
Registered in 0.109850 seconds.
Native extension for WindowsStandalone target not found
Refreshing native plugins compatible for Editor in 22.60 ms, found 0 plugins.
Preloading 0 native plugins for Editor in 0.00 ms.
Mono: successfully reloaded assembly
- Completed reload, in  3.778 seconds
Platform modules already initialized, skipping
Registering precompiled user dll's ...
Registered in 0.050359 seconds.
Begin MonoManager ReloadAssembly
Native extension for WindowsStandalone target not found
Refreshing native plugins compatible for Editor in 0.19 ms, found 0 plugins.
Preloading 0 native plugins for Editor in 0.00 ms.
Mono: successfully reloaded assembly
- Completed reload, in  2.170 seconds
Platform modules already initialized, skipping
========================================================================
Worker process is ready to serve import requests
Launched and connected shader compiler UnityShaderCompiler.exe after 0.10 seconds
Refreshing native plugins compatible for Editor in 0.27 ms, found 0 plugins.
Preloading 0 native plugins for Editor in 0.00 ms.
Unloading 1129 Unused Serialized files (Serialized files now loaded: 0)
System memory in use before: 70.6 MB.
System memory in use after: 70.7 MB.

Unloading 9 unused Assets to reduce memory usage. Loaded Objects now: 1601.
Total: 3.370200 ms (FindLiveObjects: 0.108800 ms CreateObjectMapping: 0.033300 ms MarkObjects: 3.142700 ms  DeleteObjects: 0.084000 ms)

========================================================================
Received Prepare
Registering precompiled user dll's ...
Registered in 0.000585 seconds.
Begin MonoManager ReloadAssembly
Native extension for WindowsStandalone target not found
Refreshing native plugins compatible for Editor in 0.24 ms, found 0 plugins.
Preloading 0 native plugins for Editor in 0.00 ms.
Mono: successfully reloaded assembly
- Completed reload, in  0.854 seconds
Platform modules already initialized, skipping
Refreshing native plugins compatible for Editor in 0.29 ms, found 0 plugins.
Preloading 0 native plugins for Editor in 0.00 ms.
Unloading 1124 Unused Serialized files (Serialized files now loaded: 0)
System memory in use before: 70.6 MB.
System memory in use after: 70.7 MB.

Unloading 4 unused Assets to reduce memory usage. Loaded Objects now: 1604.
Total: 1.760100 ms (FindLiveObjects: 0.092500 ms CreateObjectMapping: 0.030600 ms MarkObjects: 1.624900 ms  DeleteObjects: 0.011200 ms)

========================================================================
Received Prepare
Registering precompiled user dll's ...
Registered in 0.000759 seconds.
Begin MonoManager ReloadAssembly
Native extension for WindowsStandalone target not found
Refreshing native plugins compatible for Editor in 0.19 ms, found 0 plugins.
Preloading 0 native plugins for Editor in 0.00 ms.
Mono: successfully reloaded assembly
- Completed reload, in  0.731 seconds
Platform modules already initialized, skipping
Refreshing native plugins compatible for Editor in 0.18 ms, found 0 plugins.
Preloading 0 native plugins for Editor in 0.00 ms.
Unloading 1124 Unused Serialized files (Serialized files now loaded: 0)
System memory in use before: 70.6 MB.
System memory in use after: 70.7 MB.

Unloading 4 unused Assets to reduce memory usage. Loaded Objects now: 1607.
Total: 1.670600 ms (FindLiveObjects: 0.091900 ms CreateObjectMapping: 0.026700 ms MarkObjects: 1.540300 ms  DeleteObjects: 0.011000 ms)

========================================================================
Received Import Request.
  path: Assets/Player/Scripts/PlayerController.cs
  artifactKey: Guid(3888fa4282fcf6f44b6eb0b0a96b802b) Importer(815301076,1909f56bfc062723c751e8b465ee728b)
Start importing Assets/Player/Scripts/PlayerController.cs using Guid(3888fa4282fcf6f44b6eb0b0a96b802b) Importer(815301076,1909f56bfc062723c751e8b465ee728b)  -> (artifact id: '06b9b76b070235a4f319237e847f4952') in 0.055701 seconds 
========================================================================
Received Prepare
Registering precompiled user dll's ...
Registered in 0.000804 seconds.
Begin MonoManager ReloadAssembly
Native extension for WindowsStandalone target not found
Refreshing native plugins compatible for Editor in 0.26 ms, found 0 plugins.
Preloading 0 native plugins for Editor in 0.00 ms.
Mono: successfully reloaded assembly
- Completed reload, in  0.724 seconds
Platform modules already initialized, skipping
Refreshing native plugins compatible for Editor in 0.22 ms, found 0 plugins.
Preloading 0 native plugins for Editor in 0.00 ms.
Unloading 1124 Unused Serialized files (Serialized files now loaded: 0)
System memory in use before: 70.6 MB.
System memory in use after: 70.7 MB.

Unloading 4 unused Assets to reduce memory usage. Loaded Objects now: 1610.
Total: 1.722400 ms (FindLiveObjects: 0.091600 ms CreateObjectMapping: 0.027400 ms MarkObjects: 1.592400 ms  DeleteObjects: 0.010400 ms)

========================================================================
Received Import Request.
  Time since last request: 117.481307 seconds.
  path: Assets/Player/Prefabs/Player.prefab
  artifactKey: Guid(0f991d0c820c52c4e81cee19e05cf340) Importer(815301076,1909f56bfc062723c751e8b465ee728b)
Start importing Assets/Player/Prefabs/Player.prefab using Guid(0f991d0c820c52c4e81cee19e05cf340) Importer(815301076,1909f56bfc062723c751e8b465ee728b)  -> (artifact id: '950d8031dd2c631804916e3b8baf9a81') in 0.107632 seconds 
========================================================================
Received Import Request.
  Time since last request: 21.208784 seconds.
  path: Assets/Player/Prefabs/Player.prefab
  artifactKey: Guid(0f991d0c820c52c4e81cee19e05cf340) Importer(815301076,1909f56bfc062723c751e8b465ee728b)
Start importing Assets/Player/Prefabs/Player.prefab using Guid(0f991d0c820c52c4e81cee19e05cf340) Importer(815301076,1909f56bfc062723c751e8b465ee728b)  -> (artifact id: 'c38d893bc48de51ad69d628ef1b1438b') in 0.021756 seconds 
========================================================================
Received Import Request.
  Time since last request: 33.228353 seconds.
  path: Assets/Map/Material/GroundMat.mat
  artifactKey: Guid(f63610923128ef945be91b78fc08a1c4) Importer(815301076,1909f56bfc062723c751e8b465ee728b)
Start importing Assets/Map/Material/GroundMat.mat using Guid(f63610923128ef945be91b78fc08a1c4) Importer(815301076,1909f56bfc062723c751e8b465ee728b)  -> (artifact id: 'a6e6a264d13ad9e05eb959bd731fb03b') in 0.051566 seconds 
========================================================================
Received Import Request.
  Time since last request: 1.693669 seconds.
  path: Assets/Player/Prefabs/Player.prefab
  artifactKey: Guid(0f991d0c820c52c4e81cee19e05cf340) Importer(815301076,1909f56bfc062723c751e8b465ee728b)
Start importing Assets/Player/Prefabs/Player.prefab using Guid(0f991d0c820c52c4e81cee19e05cf340) Importer(815301076,1909f56bfc062723c751e8b465ee728b)  -> (artifact id: '5310b5f16e727dcd8c5434925cb9a0d8') in 0.011163 seconds 
========================================================================
Received Import Request.
  Time since last request: 11.463365 seconds.
  path: Assets/Player/Prefabs/Player.prefab
  artifactKey: Guid(0f991d0c820c52c4e81cee19e05cf340) Importer(815301076,1909f56bfc062723c751e8b465ee728b)
Start importing Assets/Player/Prefabs/Player.prefab using Guid(0f991d0c820c52c4e81cee19e05cf340) Importer(815301076,1909f56bfc062723c751e8b465ee728b)  -> (artifact id: '7bdfb12d6875f42496201939548d00f9') in 0.015052 seconds 
========================================================================
Received Import Request.
  Time since last request: 3.034063 seconds.
  path: Assets/Player/Prefabs/Player.prefab
  artifactKey: Guid(0f991d0c820c52c4e81cee19e05cf340) Importer(815301076,1909f56bfc062723c751e8b465ee728b)
Start importing Assets/Player/Prefabs/Player.prefab using Guid(0f991d0c820c52c4e81cee19e05cf340) Importer(815301076,1909f56bfc062723c751e8b465ee728b)  -> (artifact id: 'b8e71c1732accc860d061c98b5b0b395') in 0.017995 seconds 
========================================================================
Received Import Request.
  Time since last request: 3.207651 seconds.
  path: Assets/Player/Prefabs/Player.prefab
  artifactKey: Guid(0f991d0c820c52c4e81cee19e05cf340) Importer(815301076,1909f56bfc062723c751e8b465ee728b)
Start importing Assets/Player/Prefabs/Player.prefab using Guid(0f991d0c820c52c4e81cee19e05cf340) Importer(815301076,1909f56bfc062723c751e8b465ee728b)  -> (artifact id: '87aadb740d77a8f91529d593b0a44595') in 0.017537 seconds 
========================================================================
Received Prepare
Registering precompiled user dll's ...
Registered in 0.000573 seconds.
Begin MonoManager ReloadAssembly
Native extension for WindowsStandalone target not found
Refreshing native plugins compatible for Editor in 0.19 ms, found 0 plugins.
Preloading 0 native plugins for Editor in 0.00 ms.
Mono: successfully reloaded assembly
- Completed reload, in  0.718 seconds
Platform modules already initialized, skipping
Refreshing native plugins compatible for Editor in 0.20 ms, found 0 plugins.
Preloading 0 native plugins for Editor in 0.00 ms.
Unloading 1124 Unused Serialized files (Serialized files now loaded: 0)
System memory in use before: 74.7 MB.
System memory in use after: 74.8 MB.

Unloading 4 unused Assets to reduce memory usage. Loaded Objects now: 1655.
Total: 1.906600 ms (FindLiveObjects: 0.110700 ms CreateObjectMapping: 0.030800 ms MarkObjects: 1.751500 ms  DeleteObjects: 0.012800 ms)

========================================================================
Received Import Request.
  Time since last request: 43.938903 seconds.
  path: Assets/Camera/Player/Prefab/PlayerCamera.prefab
  artifactKey: Guid(9afd21651f08adc4db441c4c7c84cfc1) Importer(815301076,1909f56bfc062723c751e8b465ee728b)
Start importing Assets/Camera/Player/Prefab/PlayerCamera.prefab using Guid(9afd21651f08adc4db441c4c7c84cfc1) Importer(815301076,1909f56bfc062723c751e8b465ee728b)  -> (artifact id: 'e42e61821ba30e6f6adeb76493c18f35') in 0.027823 seconds 
========================================================================
Received Import Request.
  Time since last request: 14.547111 seconds.
  path: Assets/Camera/Player/Prefab/PlayerCamera.prefab
  artifactKey: Guid(9afd21651f08adc4db441c4c7c84cfc1) Importer(815301076,1909f56bfc062723c751e8b465ee728b)
Start importing Assets/Camera/Player/Prefab/PlayerCamera.prefab using Guid(9afd21651f08adc4db441c4c7c84cfc1) Importer(815301076,1909f56bfc062723c751e8b465ee728b)  -> (artifact id: '9b3ab8f771a40ca81e3d73244dac022f') in 0.006082 seconds 
========================================================================
Received Prepare
Registering precompiled user dll's ...
Registered in 0.000605 seconds.
Begin MonoManager ReloadAssembly
Native extension for WindowsStandalone target not found
Refreshing native plugins compatible for Editor in 0.19 ms, found 0 plugins.
Preloading 0 native plugins for Editor in 0.00 ms.
Mono: successfully reloaded assembly
- Completed reload, in  0.698 seconds
Platform modules already initialized, skipping
Refreshing native plugins compatible for Editor in 0.22 ms, found 0 plugins.
Preloading 0 native plugins for Editor in 0.00 ms.
Unloading 1124 Unused Serialized files (Serialized files now loaded: 0)
System memory in use before: 74.7 MB.
System memory in use after: 74.8 MB.

Unloading 4 unused Assets to reduce memory usage. Loaded Objects now: 1658.
Total: 1.726400 ms (FindLiveObjects: 0.112600 ms CreateObjectMapping: 0.033500 ms MarkObjects: 1.567800 ms  DeleteObjects: 0.011700 ms)

========================================================================
Received Import Request.
  Time since last request: 76.340697 seconds.
  path: Assets/Camera/Player/Scripts/FogEffect.cs
  artifactKey: Guid(6807cd2f29c5cb741a90243aba1dc165) Importer(815301076,1909f56bfc062723c751e8b465ee728b)
Start importing Assets/Camera/Player/Scripts/FogEffect.cs using Guid(6807cd2f29c5cb741a90243aba1dc165) Importer(815301076,1909f56bfc062723c751e8b465ee728b)  -> (artifact id: 'cd02bea0687782f4d3032ae8c2108568') in 0.022048 seconds 
========================================================================
Received Prepare
Registering precompiled user dll's ...
Registered in 0.000600 seconds.
Begin MonoManager ReloadAssembly
Native extension for WindowsStandalone target not found
Refreshing native plugins compatible for Editor in 0.18 ms, found 0 plugins.
Preloading 0 native plugins for Editor in 0.00 ms.
Mono: successfully reloaded assembly
- Completed reload, in  0.764 seconds
Platform modules already initialized, skipping
Refreshing native plugins compatible for Editor in 0.20 ms, found 0 plugins.
Preloading 0 native plugins for Editor in 0.00 ms.
Unloading 1124 Unused Serialized files (Serialized files now loaded: 0)
System memory in use before: 74.7 MB.
System memory in use after: 74.8 MB.

Unloading 4 unused Assets to reduce memory usage. Loaded Objects now: 1661.
Total: 1.906400 ms (FindLiveObjects: 0.106700 ms CreateObjectMapping: 0.031000 ms MarkObjects: 1.755300 ms  DeleteObjects: 0.012400 ms)

========================================================================
Received Prepare
Registering precompiled user dll's ...
Registered in 0.000632 seconds.
Begin MonoManager ReloadAssembly
Native extension for WindowsStandalone target not found
Refreshing native plugins compatible for Editor in 0.19 ms, found 0 plugins.
Preloading 0 native plugins for Editor in 0.00 ms.
Mono: successfully reloaded assembly
- Completed reload, in  0.804 seconds
Platform modules already initialized, skipping
Refreshing native plugins compatible for Editor in 0.23 ms, found 0 plugins.
Preloading 0 native plugins for Editor in 0.00 ms.
Unloading 1124 Unused Serialized files (Serialized files now loaded: 0)
System memory in use before: 74.7 MB.
System memory in use after: 74.8 MB.

Unloading 4 unused Assets to reduce memory usage. Loaded Objects now: 1664.
Total: 1.846300 ms (FindLiveObjects: 0.108400 ms CreateObjectMapping: 0.028700 ms MarkObjects: 1.697300 ms  DeleteObjects: 0.011100 ms)

========================================================================
Received Prepare
Registering precompiled user dll's ...
Registered in 0.000627 seconds.
Begin MonoManager ReloadAssembly
Native extension for WindowsStandalone target not found
Refreshing native plugins compatible for Editor in 0.23 ms, found 0 plugins.
Preloading 0 native plugins for Editor in 0.00 ms.
Mono: successfully reloaded assembly
- Completed reload, in  0.726 seconds
Platform modules already initialized, skipping
Refreshing native plugins compatible for Editor in 0.19 ms, found 0 plugins.
Preloading 0 native plugins for Editor in 0.00 ms.
Unloading 1124 Unused Serialized files (Serialized files now loaded: 0)
System memory in use before: 74.7 MB.
System memory in use after: 74.8 MB.

Unloading 4 unused Assets to reduce memory usage. Loaded Objects now: 1667.
Total: 1.726200 ms (FindLiveObjects: 0.113500 ms CreateObjectMapping: 0.030300 ms MarkObjects: 1.570100 ms  DeleteObjects: 0.011500 ms)

========================================================================
Received Prepare
Registering precompiled user dll's ...
Registered in 0.000569 seconds.
Begin MonoManager ReloadAssembly
Native extension for WindowsStandalone target not found
Refreshing native plugins compatible for Editor in 0.19 ms, found 0 plugins.
Preloading 0 native plugins for Editor in 0.00 ms.
Mono: successfully reloaded assembly
- Completed reload, in  0.692 seconds
Platform modules already initialized, skipping
Refreshing native plugins compatible for Editor in 0.22 ms, found 0 plugins.
Preloading 0 native plugins for Editor in 0.00 ms.
Unloading 1124 Unused Serialized files (Serialized files now loaded: 0)
System memory in use before: 74.7 MB.
System memory in use after: 74.8 MB.

Unloading 4 unused Assets to reduce memory usage. Loaded Objects now: 1670.
Total: 1.677700 ms (FindLiveObjects: 0.096800 ms CreateObjectMapping: 0.027500 ms MarkObjects: 1.541600 ms  DeleteObjects: 0.011000 ms)

========================================================================
Received Prepare
Registering precompiled user dll's ...
Registered in 0.000589 seconds.
Begin MonoManager ReloadAssembly
Native extension for WindowsStandalone target not found
Refreshing native plugins compatible for Editor in 0.18 ms, found 0 plugins.
Preloading 0 native plugins for Editor in 0.00 ms.
Mono: successfully reloaded assembly
- Completed reload, in  0.736 seconds
Platform modules already initialized, skipping
Refreshing native plugins compatible for Editor in 0.20 ms, found 0 plugins.
Preloading 0 native plugins for Editor in 0.00 ms.
Unloading 1124 Unused Serialized files (Serialized files now loaded: 0)
System memory in use before: 74.7 MB.
System memory in use after: 74.8 MB.

Unloading 4 unused Assets to reduce memory usage. Loaded Objects now: 1673.
Total: 1.903000 ms (FindLiveObjects: 0.111900 ms CreateObjectMapping: 0.030200 ms MarkObjects: 1.749000 ms  DeleteObjects: 0.011200 ms)

========================================================================
Received Prepare
Registering precompiled user dll's ...
Registered in 0.000595 seconds.
Begin MonoManager ReloadAssembly
Native extension for WindowsStandalone target not found
Refreshing native plugins compatible for Editor in 0.19 ms, found 0 plugins.
Preloading 0 native plugins for Editor in 0.00 ms.
Mono: successfully reloaded assembly
- Completed reload, in  0.709 seconds
Platform modules already initialized, skipping
Refreshing native plugins compatible for Editor in 0.21 ms, found 0 plugins.
Preloading 0 native plugins for Editor in 0.00 ms.
Unloading 1124 Unused Serialized files (Serialized files now loaded: 0)
System memory in use before: 74.7 MB.
System memory in use after: 74.8 MB.

Unloading 4 unused Assets to reduce memory usage. Loaded Objects now: 1676.
Total: 1.841900 ms (FindLiveObjects: 0.110800 ms CreateObjectMapping: 0.032300 ms MarkObjects: 1.684800 ms  DeleteObjects: 0.012900 ms)

========================================================================
Received Prepare
Registering precompiled user dll's ...
Registered in 0.000588 seconds.
Begin MonoManager ReloadAssembly
Native extension for WindowsStandalone target not found
Refreshing native plugins compatible for Editor in 0.19 ms, found 0 plugins.
Preloading 0 native plugins for Editor in 0.00 ms.
Mono: successfully reloaded assembly
- Completed reload, in  0.714 seconds
Platform modules already initialized, skipping
Refreshing native plugins compatible for Editor in 0.24 ms, found 0 plugins.
Preloading 0 native plugins for Editor in 0.00 ms.
Unloading 1124 Unused Serialized files (Serialized files now loaded: 0)
System memory in use before: 74.7 MB.
System memory in use after: 74.8 MB.

Unloading 4 unused Assets to reduce memory usage. Loaded Objects now: 1679.
Total: 1.766100 ms (FindLiveObjects: 0.100300 ms CreateObjectMapping: 0.028200 ms MarkObjects: 1.625800 ms  DeleteObjects: 0.011000 ms)

========================================================================
Received Import Request.
  Time since last request: 1714.045136 seconds.
  path: Assets/Player/Prefabs/Player.prefab
  artifactKey: Guid(0f991d0c820c52c4e81cee19e05cf340) Importer(815301076,1909f56bfc062723c751e8b465ee728b)
Start importing Assets/Player/Prefabs/Player.prefab using Guid(0f991d0c820c52c4e81cee19e05cf340) Importer(815301076,1909f56bfc062723c751e8b465ee728b)  -> (artifact id: 'c2628bca8e6b4e8c1fc9e2636102f9fa') in 0.072212 seconds 
========================================================================
Received Import Request.
  Time since last request: 7.769349 seconds.
  path: Assets/Player/Prefabs/Player.prefab
  artifactKey: Guid(0f991d0c820c52c4e81cee19e05cf340) Importer(815301076,1909f56bfc062723c751e8b465ee728b)
Start importing Assets/Player/Prefabs/Player.prefab using Guid(0f991d0c820c52c4e81cee19e05cf340) Importer(815301076,1909f56bfc062723c751e8b465ee728b)  -> (artifact id: '420b18969bbdddfd4a77c722b7375182') in 0.013754 seconds 
========================================================================
Received Import Request.
  Time since last request: 8.255090 seconds.
  path: Assets/Player/Prefabs/Player.prefab
  artifactKey: Guid(0f991d0c820c52c4e81cee19e05cf340) Importer(815301076,1909f56bfc062723c751e8b465ee728b)
Start importing Assets/Player/Prefabs/Player.prefab using Guid(0f991d0c820c52c4e81cee19e05cf340) Importer(815301076,1909f56bfc062723c751e8b465ee728b)  -> (artifact id: '7bfcc5096db97a5f1fc743e417bf93a3') in 0.013977 seconds 
========================================================================
Received Import Request.
  Time since last request: 1.400999 seconds.
  path: Assets/Player/Prefabs/Player.prefab
  artifactKey: Guid(0f991d0c820c52c4e81cee19e05cf340) Importer(815301076,1909f56bfc062723c751e8b465ee728b)
Start importing Assets/Player/Prefabs/Player.prefab using Guid(0f991d0c820c52c4e81cee19e05cf340) Importer(815301076,1909f56bfc062723c751e8b465ee728b)  -> (artifact id: '055f05dc48c9ab10885fefb6620fc7dc') in 0.013545 seconds 
========================================================================
Received Import Request.
  Time since last request: 5.860004 seconds.
  path: Assets/Player/Prefabs/Player.prefab
  artifactKey: Guid(0f991d0c820c52c4e81cee19e05cf340) Importer(815301076,1909f56bfc062723c751e8b465ee728b)
Start importing Assets/Player/Prefabs/Player.prefab using Guid(0f991d0c820c52c4e81cee19e05cf340) Importer(815301076,1909f56bfc062723c751e8b465ee728b)  -> (artifact id: 'bcbdbfeab656e6fceea8053086e878d8') in 0.014212 seconds 
========================================================================
Received Import Request.
  Time since last request: 1.801139 seconds.
  path: Assets/Player/Prefabs/Player.prefab
  artifactKey: Guid(0f991d0c820c52c4e81cee19e05cf340) Importer(815301076,1909f56bfc062723c751e8b465ee728b)
Start importing Assets/Player/Prefabs/Player.prefab using Guid(0f991d0c820c52c4e81cee19e05cf340) Importer(815301076,1909f56bfc062723c751e8b465ee728b)  -> (artifact id: 'e7de0ffaa2287bb4fdd4f0768707ede6') in 0.017907 seconds 
========================================================================
Received Import Request.
  Time since last request: 6.229158 seconds.
  path: Assets/Player/Prefabs/Player.prefab
  artifactKey: Guid(0f991d0c820c52c4e81cee19e05cf340) Importer(815301076,1909f56bfc062723c751e8b465ee728b)
Start importing Assets/Player/Prefabs/Player.prefab using Guid(0f991d0c820c52c4e81cee19e05cf340) Importer(815301076,1909f56bfc062723c751e8b465ee728b)  -> (artifact id: 'd8995eb4f9dd60696618330a2b04fba0') in 0.013634 seconds 
========================================================================
Received Import Request.
  Time since last request: 4.823083 seconds.
  path: Assets/Player/Prefabs/Player.prefab
  artifactKey: Guid(0f991d0c820c52c4e81cee19e05cf340) Importer(815301076,1909f56bfc062723c751e8b465ee728b)
Start importing Assets/Player/Prefabs/Player.prefab using Guid(0f991d0c820c52c4e81cee19e05cf340) Importer(815301076,1909f56bfc062723c751e8b465ee728b)  -> (artifact id: '0a029092b62e5e91e2b1f5e5c70f2e23') in 0.010243 seconds 
========================================================================
Received Prepare
Registering precompiled user dll's ...
Registered in 0.000575 seconds.
Begin MonoManager ReloadAssembly
Native extension for WindowsStandalone target not found
Refreshing native plugins compatible for Editor in 0.19 ms, found 0 plugins.
Preloading 0 native plugins for Editor in 0.00 ms.
Mono: successfully reloaded assembly
- Completed reload, in  0.720 seconds
Platform modules already initialized, skipping
Refreshing native plugins compatible for Editor in 0.24 ms, found 0 plugins.
Preloading 0 native plugins for Editor in 0.00 ms.
Unloading 1124 Unused Serialized files (Serialized files now loaded: 0)
System memory in use before: 74.7 MB.
System memory in use after: 74.8 MB.

Unloading 4 unused Assets to reduce memory usage. Loaded Objects now: 1683.
Total: 1.894200 ms (FindLiveObjects: 0.115500 ms CreateObjectMapping: 0.029900 ms MarkObjects: 1.735800 ms  DeleteObjects: 0.012100 ms)

========================================================================
Received Prepare
Registering precompiled user dll's ...
Registered in 0.000780 seconds.
Begin MonoManager ReloadAssembly
Native extension for WindowsStandalone target not found
Refreshing native plugins compatible for Editor in 0.45 ms, found 0 plugins.
Preloading 0 native plugins for Editor in 0.00 ms.
Mono: successfully reloaded assembly
- Completed reload, in  0.986 seconds
Platform modules already initialized, skipping
Refreshing native plugins compatible for Editor in 0.24 ms, found 0 plugins.
Preloading 0 native plugins for Editor in 0.00 ms.
Unloading 1124 Unused Serialized files (Serialized files now loaded: 0)
System memory in use before: 74.8 MB.
System memory in use after: 74.8 MB.

Unloading 4 unused Assets to reduce memory usage. Loaded Objects now: 1686.
Total: 2.052100 ms (FindLiveObjects: 0.183800 ms CreateObjectMapping: 0.060200 ms MarkObjects: 1.757500 ms  DeleteObjects: 0.049000 ms)

========================================================================
Received Import Request.
  Time since last request: 53.270114 seconds.
  path: Assets/Player/Prefabs/Player.prefab
  artifactKey: Guid(0f991d0c820c52c4e81cee19e05cf340) Importer(815301076,1909f56bfc062723c751e8b465ee728b)
Start importing Assets/Player/Prefabs/Player.prefab using Guid(0f991d0c820c52c4e81cee19e05cf340) Importer(815301076,1909f56bfc062723c751e8b465ee728b)  -> (artifact id: 'fdcb4879688e855537c48a6ac91a2e0e') in 0.075031 seconds 
========================================================================
Received Import Request.
  Time since last request: 2.896345 seconds.
  path: Assets/Player/Prefabs/Player.prefab
  artifactKey: Guid(0f991d0c820c52c4e81cee19e05cf340) Importer(815301076,1909f56bfc062723c751e8b465ee728b)
Start importing Assets/Player/Prefabs/Player.prefab using Guid(0f991d0c820c52c4e81cee19e05cf340) Importer(815301076,1909f56bfc062723c751e8b465ee728b)  -> (artifact id: '4e73d9c9592e921393cd272f9ced87c7') in 0.013243 seconds 
========================================================================
Received Import Request.
  Time since last request: 1.802049 seconds.
  path: Assets/Player/Prefabs/Player.prefab
  artifactKey: Guid(0f991d0c820c52c4e81cee19e05cf340) Importer(815301076,1909f56bfc062723c751e8b465ee728b)
Start importing Assets/Player/Prefabs/Player.prefab using Guid(0f991d0c820c52c4e81cee19e05cf340) Importer(815301076,1909f56bfc062723c751e8b465ee728b)  -> (artifact id: '0f2ed9df8416631a605cf8debad7b9d2') in 0.012912 seconds 
========================================================================
Received Import Request.
  Time since last request: 2.811684 seconds.
  path: Assets/Player/Prefabs/Player.prefab
  artifactKey: Guid(0f991d0c820c52c4e81cee19e05cf340) Importer(815301076,1909f56bfc062723c751e8b465ee728b)
Start importing Assets/Player/Prefabs/Player.prefab using Guid(0f991d0c820c52c4e81cee19e05cf340) Importer(815301076,1909f56bfc062723c751e8b465ee728b)  -> (artifact id: 'f540d927fa77bf95fca678ab8d722600') in 0.013666 seconds 
========================================================================
Received Import Request.
  Time since last request: 7.644478 seconds.
  path: Assets/Player/Prefabs/Player.prefab
  artifactKey: Guid(0f991d0c820c52c4e81cee19e05cf340) Importer(815301076,1909f56bfc062723c751e8b465ee728b)
Start importing Assets/Player/Prefabs/Player.prefab using Guid(0f991d0c820c52c4e81cee19e05cf340) Importer(815301076,1909f56bfc062723c751e8b465ee728b)  -> (artifact id: '674790d93f98b1d2b9c4c05217b8eff3') in 0.014136 seconds 
========================================================================
Received Import Request.
  Time since last request: 2.812694 seconds.
  path: Assets/Player/Prefabs/Player.prefab
  artifactKey: Guid(0f991d0c820c52c4e81cee19e05cf340) Importer(815301076,1909f56bfc062723c751e8b465ee728b)
Start importing Assets/Player/Prefabs/Player.prefab using Guid(0f991d0c820c52c4e81cee19e05cf340) Importer(815301076,1909f56bfc062723c751e8b465ee728b)  -> (artifact id: '99726029ee109e37763cf63e8951e98b') in 0.014120 seconds 
========================================================================
Received Import Request.
  Time since last request: 13.478724 seconds.
  path: Assets/Player/Prefabs/Player.prefab
  artifactKey: Guid(0f991d0c820c52c4e81cee19e05cf340) Importer(815301076,1909f56bfc062723c751e8b465ee728b)
Start importing Assets/Player/Prefabs/Player.prefab using Guid(0f991d0c820c52c4e81cee19e05cf340) Importer(815301076,1909f56bfc062723c751e8b465ee728b)  -> (artifact id: '0172d2207b6d0845d38b0a7f78e1f8a8') in 0.015378 seconds 
========================================================================
Received Import Request.
  Time since last request: 9.703145 seconds.
  path: Assets/Player/Prefabs/Player.prefab
  artifactKey: Guid(0f991d0c820c52c4e81cee19e05cf340) Importer(815301076,1909f56bfc062723c751e8b465ee728b)
Start importing Assets/Player/Prefabs/Player.prefab using Guid(0f991d0c820c52c4e81cee19e05cf340) Importer(815301076,1909f56bfc062723c751e8b465ee728b)  -> (artifact id: '10d78d9911bf64fc14189aedac87a478') in 0.014195 seconds 
========================================================================
Received Import Request.
  Time since last request: 2.196065 seconds.
  path: Assets/Player/Prefabs/Player.prefab
  artifactKey: Guid(0f991d0c820c52c4e81cee19e05cf340) Importer(815301076,1909f56bfc062723c751e8b465ee728b)
Start importing Assets/Player/Prefabs/Player.prefab using Guid(0f991d0c820c52c4e81cee19e05cf340) Importer(815301076,1909f56bfc062723c751e8b465ee728b)  -> (artifact id: '7a50c12ae688c4a1297191695ea79c91') in 0.014675 seconds 
========================================================================
Received Import Request.
  Time since last request: 6.127640 seconds.
  path: Assets/Player/Prefabs/Player.prefab
  artifactKey: Guid(0f991d0c820c52c4e81cee19e05cf340) Importer(815301076,1909f56bfc062723c751e8b465ee728b)
Start importing Assets/Player/Prefabs/Player.prefab using Guid(0f991d0c820c52c4e81cee19e05cf340) Importer(815301076,1909f56bfc062723c751e8b465ee728b)  -> (artifact id: 'eb3695e6b483545377ac72695487bfac') in 0.015012 seconds 
========================================================================
Received Import Request.
  Time since last request: 4.021622 seconds.
  path: Assets/Player/Prefabs/Player.prefab
  artifactKey: Guid(0f991d0c820c52c4e81cee19e05cf340) Importer(815301076,1909f56bfc062723c751e8b465ee728b)
Start importing Assets/Player/Prefabs/Player.prefab using Guid(0f991d0c820c52c4e81cee19e05cf340) Importer(815301076,1909f56bfc062723c751e8b465ee728b)  -> (artifact id: '326de089f65a22b309b67fe1a7073209') in 0.016771 seconds 
========================================================================
Received Import Request.
  Time since last request: 49.864481 seconds.
  path: Assets/Player/Prefabs/Player.prefab
  artifactKey: Guid(0f991d0c820c52c4e81cee19e05cf340) Importer(815301076,1909f56bfc062723c751e8b465ee728b)
Start importing Assets/Player/Prefabs/Player.prefab using Guid(0f991d0c820c52c4e81cee19e05cf340) Importer(815301076,1909f56bfc062723c751e8b465ee728b)  -> (artifact id: '9961d10914cebe9a803d6e5972e0817b') in 0.017918 seconds 
========================================================================
Received Import Request.
  Time since last request: 8.340408 seconds.
  path: Assets/Player/Prefabs/Player.prefab
  artifactKey: Guid(0f991d0c820c52c4e81cee19e05cf340) Importer(815301076,1909f56bfc062723c751e8b465ee728b)
Start importing Assets/Player/Prefabs/Player.prefab using Guid(0f991d0c820c52c4e81cee19e05cf340) Importer(815301076,1909f56bfc062723c751e8b465ee728b)  -> (artifact id: '7dba8534f18f7322822dc786a5c69d94') in 0.015464 seconds 
========================================================================
Received Import Request.
  Time since last request: 0.168195 seconds.
  path: Assets/Player/Prefabs/Player.prefab
  artifactKey: Guid(0f991d0c820c52c4e81cee19e05cf340) Importer(815301076,1909f56bfc062723c751e8b465ee728b)
Start importing Assets/Player/Prefabs/Player.prefab using Guid(0f991d0c820c52c4e81cee19e05cf340) Importer(815301076,1909f56bfc062723c751e8b465ee728b)  -> (artifact id: '0c8494fea9018e13a3e52930958b7a17') in 0.013096 seconds 
========================================================================
Received Import Request.
  Time since last request: 4.016377 seconds.
  path: Assets/Player/Prefabs/Player.prefab
  artifactKey: Guid(0f991d0c820c52c4e81cee19e05cf340) Importer(815301076,1909f56bfc062723c751e8b465ee728b)
Start importing Assets/Player/Prefabs/Player.prefab using Guid(0f991d0c820c52c4e81cee19e05cf340) Importer(815301076,1909f56bfc062723c751e8b465ee728b)  -> (artifact id: 'c6e1baea2046b1c9c20587436351fa15') in 0.014023 seconds 
========================================================================
Received Import Request.
  Time since last request: 4.219310 seconds.
  path: Assets/Player/Prefabs/Player.prefab
  artifactKey: Guid(0f991d0c820c52c4e81cee19e05cf340) Importer(815301076,1909f56bfc062723c751e8b465ee728b)
Start importing Assets/Player/Prefabs/Player.prefab using Guid(0f991d0c820c52c4e81cee19e05cf340) Importer(815301076,1909f56bfc062723c751e8b465ee728b)  -> (artifact id: 'a498e969e214d1b9d3d946a0efda36fb') in 0.017346 seconds 
========================================================================
Received Import Request.
  Time since last request: 13.926021 seconds.
  path: Assets/Player/Prefabs/Player.prefab
  artifactKey: Guid(0f991d0c820c52c4e81cee19e05cf340) Importer(815301076,1909f56bfc062723c751e8b465ee728b)
Start importing Assets/Player/Prefabs/Player.prefab using Guid(0f991d0c820c52c4e81cee19e05cf340) Importer(815301076,1909f56bfc062723c751e8b465ee728b)  -> (artifact id: 'd8796ca5c21ea1131c39e7f1fec6dcaa') in 0.012604 seconds 
========================================================================
Received Import Request.
  Time since last request: 0.393933 seconds.
  path: Assets/Player/Prefabs/Player.prefab
  artifactKey: Guid(0f991d0c820c52c4e81cee19e05cf340) Importer(815301076,1909f56bfc062723c751e8b465ee728b)
Start importing Assets/Player/Prefabs/Player.prefab using Guid(0f991d0c820c52c4e81cee19e05cf340) Importer(815301076,1909f56bfc062723c751e8b465ee728b)  -> (artifact id: '04836c06e97236e89550f6ed01e3e732') in 0.012642 seconds 
========================================================================
Received Import Request.
  Time since last request: 3.636002 seconds.
  path: Assets/Player/Prefabs/Player.prefab
  artifactKey: Guid(0f991d0c820c52c4e81cee19e05cf340) Importer(815301076,1909f56bfc062723c751e8b465ee728b)
Start importing Assets/Player/Prefabs/Player.prefab using Guid(0f991d0c820c52c4e81cee19e05cf340) Importer(815301076,1909f56bfc062723c751e8b465ee728b)  -> (artifact id: '7fa0d204d691fdfa4d2acfabce1ba189') in 0.012818 seconds 
========================================================================
Received Import Request.
  Time since last request: 236.993904 seconds.
  path: Assets/Scenes/SampleScene/ReflectionProbe-0.exr
  artifactKey: Guid(74f61b8e6b1146a4f81b542e11f70d65) Importer(815301076,1909f56bfc062723c751e8b465ee728b)
Start importing Assets/Scenes/SampleScene/ReflectionProbe-0.exr using Guid(74f61b8e6b1146a4f81b542e11f70d65) Importer(815301076,1909f56bfc062723c751e8b465ee728b)  -> (artifact id: '868b2af6744a3e0d6cd838cd6f03062b') in 0.057623 seconds 
AssetImportWorkerClient::OnTransportError - code=2 error=End of file
