  Using 'git status' to determine working set for adaptive non-unity build (C:\Users\Striz\Desktop\UnderwaterGame).
  Creating makefile for UnderwaterGameEditor (no existing makefile)
  Parsing headers for UnderwaterGameEditor
    Running UnrealHeaderTool "C:\Users\Striz\Desktop\UnderwaterGame\UnderwaterGame\UnderwaterGame.uproject" "C:\Users\Striz\Desktop\UnderwaterGame\UnderwaterGame\Intermediate\Build\Win64\UnderwaterGameEditor\Development\UnderwaterGameEditor.uhtmanifest" -LogCmds="loginit warning, logexit warning, logdatabase error" -Unattended -WarningsAsErrors -abslog="C:\Users\Striz\AppData\Local\UnrealBuildTool\Log_UHT.txt" -installed
  Reflection code generated for UnderwaterGameEditor in 6.1062184 seconds
  Building UnderwaterGameEditor...
  Using Visual Studio 2019 14.28.29337 toolchain (C:\Program Files (x86)\Microsoft Visual Studio\2019\Enterprise\VC\Tools\MSVC\14.28.29333) and Windows 10.0.18362.0 SDK (C:\Program Files (x86)\Windows Kits\10).
  Distributing 6 actions to XGE
  --------------------Build System Warning---------------------------------------
  License is invalid:
      License information is invalid. Please try reloading your license file using the Coordinator Monitor application on the Coordinator machine, or reinstall IncrediBuild.
      This build will run in standalone mode.
  
  -------------------------------------------------------------------------------
  --------------------Project: Default-------------------------------------------
  SubController.cpp (0:00.57 at +0:00)
  SubController.gen.cpp (0:00.65 at +0:00)
  UnderwaterGame.init.gen.cpp (0:00.43 at +0:01)
  UE4Editor-UnderwaterGame-0003.dll (0:00.50 at +0:01)
     Creating library C:\Users\Striz\Desktop\UnderwaterGame\UnderwaterGame\Intermediate\Build\Win64\UE4Editor\Development\UnderwaterGame\UE4Editor-UnderwaterGame-0003.suppressed.lib and object C:\Users\Striz\Desktop\UnderwaterGame\UnderwaterGame\Intermediate\Build\Win64\UE4Editor\Development\UnderwaterGame\UE4Editor-UnderwaterGame-0003.suppressed.exp
  UE4Editor-UnderwaterGame-0003.lib (0:00.06 at +0:02)
     Creating library C:\Users\Striz\Desktop\UnderwaterGame\UnderwaterGame\Intermediate\Build\Win64\UE4Editor\Development\UnderwaterGame\UE4Editor-UnderwaterGame-0003.lib and object C:\Users\Striz\Desktop\UnderwaterGame\UnderwaterGame\Intermediate\Build\Win64\UE4Editor\Development\UnderwaterGame\UE4Editor-UnderwaterGame-0003.exp
  UnderwaterGameEditor.target (0:00.15 at +0:02)
  ---------------------- Done ----------------------
  
      Rebuild All: 1 succeeded, 0 failed, 0 skipped
  
  1 build system warning(s):
     - License is invalid
  
  Total time in XGE executor: 2.60 seconds
  Total execution time: 11.10 seconds
